Content-Type: text/plain; charset="UTF-8"Content-Type: text/html...
Content-Type: text/plain; charset="UTF-8"Content-Type: text/html...
Content-Type: text/plain; charset="UTF-8"Content-Type: text/html...
Content-Type: text/plain; charset="UTF-8"; format=flowed; delsp=...
Content-Type: text/plain; charset="UTF-8"Content-Type: text/html...
Content-Type: text/plain; charset="UTF-8"Content-Type: text/html...
Content-Type: text/plain; charset="UTF-8"Content-Type: text/html...
Content-Type: text/plain; charset="UTF-8"Content-Type: text/html...
Content-Type: text/plain; charset="UTF-8"Content-Type: text/html...
Content-Type: text/plain; charset="UTF-8"Content-Type: text/html...
Content-Type: text/plain; charset="UTF-8"Content-Type: text/html...
Content-Type: text/plain; charset="UTF-8"Content-Type: text/html...
Content-Type: text/plain; charset="UTF-8"Content-Type: text/html...
Content-Type: text/plain; charset="UTF-8"Content-Type: text/html...
Content-Type: text/plain; charset="UTF-8"Content-Type: text/html...
Content-Type: text/plain; charset="UTF-8"; format=flowed; delsp=...
Content-Type: text/plain; charset="UTF-8"; format=flowed; delsp=...
Content-Type: text/plain; charset="UTF-8"; format=flowed; delsp=...
Content-Type: text/plain; charset="UTF-8"; format=flowed; delsp=...
Content-Type: text/plain; charset="UTF-8"; format=flowed; delsp=...
Content-Type: text/plain; charset="UTF-8"; format=flowed; delsp=...
advadvsssasvasv:END
[127.0.0.1] sdbadb:sfbsfb:END
[127.0.0.1] not_a_email:message:END
Content-Type: multipart/related; boundary="0000000000001d194905b...
